ARM GAS  /run/user/1000/ccTedaTu.s 			page 1


   1              		.cpu cortex-m3
   2              		.arch armv7-m
   3              		.fpu softvfp
   4              		.eabi_attribute 20, 1
   5              		.eabi_attribute 21, 1
   6              		.eabi_attribute 23, 3
   7              		.eabi_attribute 24, 1
   8              		.eabi_attribute 25, 1
   9              		.eabi_attribute 26, 1
  10              		.eabi_attribute 30, 1
  11              		.eabi_attribute 34, 1
  12              		.eabi_attribute 18, 4
  13              		.file	"gpio.c"
  14              		.text
  15              	.Ltext0:
  16              		.cfi_sections	.debug_frame
  17              		.file 1 "Core/Src/gpio.c"
  18              		.section	.text.MX_GPIO_Init,"ax",%progbits
  19              		.align	1
  20              		.global	MX_GPIO_Init
  21              		.syntax unified
  22              		.thumb
  23              		.thumb_func
  25              	MX_GPIO_Init:
  26              	.LFB65:
   1:Core/Src/gpio.c **** /* USER CODE BEGIN Header */
   2:Core/Src/gpio.c **** /**
   3:Core/Src/gpio.c ****   ******************************************************************************
   4:Core/Src/gpio.c ****   * @file    gpio.c
   5:Core/Src/gpio.c ****   * @brief   This file provides code for the configuration
   6:Core/Src/gpio.c ****   *          of all used GPIO pins.
   7:Core/Src/gpio.c ****   ******************************************************************************
   8:Core/Src/gpio.c ****   * @attention
   9:Core/Src/gpio.c ****   *
  10:Core/Src/gpio.c ****   * Copyright (c) 2023 STMicroelectronics.
  11:Core/Src/gpio.c ****   * All rights reserved.
  12:Core/Src/gpio.c ****   *
  13:Core/Src/gpio.c ****   * This software is licensed under terms that can be found in the LICENSE file
  14:Core/Src/gpio.c ****   * in the root directory of this software component.
  15:Core/Src/gpio.c ****   * If no LICENSE file comes with this software, it is provided AS-IS.
  16:Core/Src/gpio.c ****   *
  17:Core/Src/gpio.c ****   ******************************************************************************
  18:Core/Src/gpio.c ****   */
  19:Core/Src/gpio.c **** /* USER CODE END Header */
  20:Core/Src/gpio.c **** 
  21:Core/Src/gpio.c **** /* Includes ------------------------------------------------------------------*/
  22:Core/Src/gpio.c **** #include "gpio.h"
  23:Core/Src/gpio.c **** 
  24:Core/Src/gpio.c **** /* USER CODE BEGIN 0 */
  25:Core/Src/gpio.c **** 
  26:Core/Src/gpio.c **** /* USER CODE END 0 */
  27:Core/Src/gpio.c **** 
  28:Core/Src/gpio.c **** /*----------------------------------------------------------------------------*/
  29:Core/Src/gpio.c **** /* Configure GPIO                                                             */
  30:Core/Src/gpio.c **** /*----------------------------------------------------------------------------*/
  31:Core/Src/gpio.c **** /* USER CODE BEGIN 1 */
  32:Core/Src/gpio.c **** 
ARM GAS  /run/user/1000/ccTedaTu.s 			page 2


  33:Core/Src/gpio.c **** /* USER CODE END 1 */
  34:Core/Src/gpio.c **** 
  35:Core/Src/gpio.c **** /** Configure pins as
  36:Core/Src/gpio.c ****         * Analog
  37:Core/Src/gpio.c ****         * Input
  38:Core/Src/gpio.c ****         * Output
  39:Core/Src/gpio.c ****         * EVENT_OUT
  40:Core/Src/gpio.c ****         * EXTI
  41:Core/Src/gpio.c ****         * Free pins are configured automatically as Analog (this feature is enabled through
  42:Core/Src/gpio.c ****         * the Code Generation settings)
  43:Core/Src/gpio.c **** */
  44:Core/Src/gpio.c **** void MX_GPIO_Init(void)
  45:Core/Src/gpio.c **** {
  27              		.loc 1 45 1 view -0
  28              		.cfi_startproc
  29              		@ args = 0, pretend = 0, frame = 32
  30              		@ frame_needed = 0, uses_anonymous_args = 0
  31 0000 2DE9F043 		push	{r4, r5, r6, r7, r8, r9, lr}
  32              	.LCFI0:
  33              		.cfi_def_cfa_offset 28
  34              		.cfi_offset 4, -28
  35              		.cfi_offset 5, -24
  36              		.cfi_offset 6, -20
  37              		.cfi_offset 7, -16
  38              		.cfi_offset 8, -12
  39              		.cfi_offset 9, -8
  40              		.cfi_offset 14, -4
  41 0004 89B0     		sub	sp, sp, #36
  42              	.LCFI1:
  43              		.cfi_def_cfa_offset 64
  46:Core/Src/gpio.c **** 
  47:Core/Src/gpio.c ****   GPIO_InitTypeDef GPIO_InitStruct = {0};
  44              		.loc 1 47 3 view .LVU1
  45              		.loc 1 47 20 is_stmt 0 view .LVU2
  46 0006 0024     		movs	r4, #0
  47 0008 0494     		str	r4, [sp, #16]
  48 000a 0594     		str	r4, [sp, #20]
  49 000c 0694     		str	r4, [sp, #24]
  50 000e 0794     		str	r4, [sp, #28]
  48:Core/Src/gpio.c **** 
  49:Core/Src/gpio.c ****   /* GPIO Ports Clock Enable */
  50:Core/Src/gpio.c ****   __HAL_RCC_GPIOC_CLK_ENABLE();
  51              		.loc 1 50 3 is_stmt 1 view .LVU3
  52              	.LBB2:
  53              		.loc 1 50 3 view .LVU4
  54              		.loc 1 50 3 view .LVU5
  55 0010 404B     		ldr	r3, .L3
  56 0012 9A69     		ldr	r2, [r3, #24]
  57 0014 42F01002 		orr	r2, r2, #16
  58 0018 9A61     		str	r2, [r3, #24]
  59              		.loc 1 50 3 view .LVU6
  60 001a 9A69     		ldr	r2, [r3, #24]
  61 001c 02F01002 		and	r2, r2, #16
  62 0020 0092     		str	r2, [sp]
  63              		.loc 1 50 3 view .LVU7
  64 0022 009A     		ldr	r2, [sp]
  65              	.LBE2:
ARM GAS  /run/user/1000/ccTedaTu.s 			page 3


  66              		.loc 1 50 3 view .LVU8
  51:Core/Src/gpio.c ****   __HAL_RCC_GPIOD_CLK_ENABLE();
  67              		.loc 1 51 3 view .LVU9
  68              	.LBB3:
  69              		.loc 1 51 3 view .LVU10
  70              		.loc 1 51 3 view .LVU11
  71 0024 9A69     		ldr	r2, [r3, #24]
  72 0026 42F02002 		orr	r2, r2, #32
  73 002a 9A61     		str	r2, [r3, #24]
  74              		.loc 1 51 3 view .LVU12
  75 002c 9A69     		ldr	r2, [r3, #24]
  76 002e 02F02002 		and	r2, r2, #32
  77 0032 0192     		str	r2, [sp, #4]
  78              		.loc 1 51 3 view .LVU13
  79 0034 019A     		ldr	r2, [sp, #4]
  80              	.LBE3:
  81              		.loc 1 51 3 view .LVU14
  52:Core/Src/gpio.c ****   __HAL_RCC_GPIOA_CLK_ENABLE();
  82              		.loc 1 52 3 view .LVU15
  83              	.LBB4:
  84              		.loc 1 52 3 view .LVU16
  85              		.loc 1 52 3 view .LVU17
  86 0036 9A69     		ldr	r2, [r3, #24]
  87 0038 42F00402 		orr	r2, r2, #4
  88 003c 9A61     		str	r2, [r3, #24]
  89              		.loc 1 52 3 view .LVU18
  90 003e 9A69     		ldr	r2, [r3, #24]
  91 0040 02F00402 		and	r2, r2, #4
  92 0044 0292     		str	r2, [sp, #8]
  93              		.loc 1 52 3 view .LVU19
  94 0046 029A     		ldr	r2, [sp, #8]
  95              	.LBE4:
  96              		.loc 1 52 3 view .LVU20
  53:Core/Src/gpio.c ****   __HAL_RCC_GPIOB_CLK_ENABLE();
  97              		.loc 1 53 3 view .LVU21
  98              	.LBB5:
  99              		.loc 1 53 3 view .LVU22
 100              		.loc 1 53 3 view .LVU23
 101 0048 9A69     		ldr	r2, [r3, #24]
 102 004a 42F00802 		orr	r2, r2, #8
 103 004e 9A61     		str	r2, [r3, #24]
 104              		.loc 1 53 3 view .LVU24
 105 0050 9B69     		ldr	r3, [r3, #24]
 106 0052 03F00803 		and	r3, r3, #8
 107 0056 0393     		str	r3, [sp, #12]
 108              		.loc 1 53 3 view .LVU25
 109 0058 039B     		ldr	r3, [sp, #12]
 110              	.LBE5:
 111              		.loc 1 53 3 view .LVU26
  54:Core/Src/gpio.c **** 
  55:Core/Src/gpio.c ****   /*Configure GPIO pin Output Level */
  56:Core/Src/gpio.c ****   HAL_GPIO_WritePin(SPI1_CS_GPIO_Port, SPI1_CS_Pin, GPIO_PIN_RESET);
 112              		.loc 1 56 3 view .LVU27
 113 005a 2F4D     		ldr	r5, .L3+4
 114 005c 2246     		mov	r2, r4
 115 005e 1021     		movs	r1, #16
 116 0060 2846     		mov	r0, r5
ARM GAS  /run/user/1000/ccTedaTu.s 			page 4


 117 0062 FFF7FEFF 		bl	HAL_GPIO_WritePin
 118              	.LVL0:
  57:Core/Src/gpio.c **** 
  58:Core/Src/gpio.c ****   /*Configure GPIO pin Output Level */
  59:Core/Src/gpio.c ****   HAL_GPIO_WritePin(NRF_CE_GPIO_Port, NRF_CE_Pin, GPIO_PIN_RESET);
 119              		.loc 1 59 3 view .LVU28
 120 0066 2D4E     		ldr	r6, .L3+8
 121 0068 2246     		mov	r2, r4
 122 006a 0221     		movs	r1, #2
 123 006c 3046     		mov	r0, r6
 124 006e FFF7FEFF 		bl	HAL_GPIO_WritePin
 125              	.LVL1:
  60:Core/Src/gpio.c **** 
  61:Core/Src/gpio.c ****   /*Configure GPIO pins : PC13 PC14 PC15 */
  62:Core/Src/gpio.c ****   GPIO_InitStruct.Pin = GPIO_PIN_13|GPIO_PIN_14|GPIO_PIN_15;
 126              		.loc 1 62 3 view .LVU29
 127              		.loc 1 62 23 is_stmt 0 view .LVU30
 128 0072 4FF46043 		mov	r3, #57344
 129 0076 0493     		str	r3, [sp, #16]
  63:Core/Src/gpio.c ****   GPIO_InitStruct.Mode = GPIO_MODE_ANALOG;
 130              		.loc 1 63 3 is_stmt 1 view .LVU31
 131              		.loc 1 63 24 is_stmt 0 view .LVU32
 132 0078 0327     		movs	r7, #3
 133 007a 0597     		str	r7, [sp, #20]
  64:Core/Src/gpio.c ****   HAL_GPIO_Init(GPIOC, &GPIO_InitStruct);
 134              		.loc 1 64 3 is_stmt 1 view .LVU33
 135 007c 04A9     		add	r1, sp, #16
 136 007e 2848     		ldr	r0, .L3+12
 137 0080 FFF7FEFF 		bl	HAL_GPIO_Init
 138              	.LVL2:
  65:Core/Src/gpio.c **** 
  66:Core/Src/gpio.c ****   /*Configure GPIO pin : PtPin */
  67:Core/Src/gpio.c ****   GPIO_InitStruct.Pin = JOY_BUTTON_Pin;
 139              		.loc 1 67 3 view .LVU34
 140              		.loc 1 67 23 is_stmt 0 view .LVU35
 141 0084 0823     		movs	r3, #8
 142 0086 0493     		str	r3, [sp, #16]
  68:Core/Src/gpio.c ****   GPIO_InitStruct.Mode = GPIO_MODE_INPUT;
 143              		.loc 1 68 3 is_stmt 1 view .LVU36
 144              		.loc 1 68 24 is_stmt 0 view .LVU37
 145 0088 0594     		str	r4, [sp, #20]
  69:Core/Src/gpio.c ****   GPIO_InitStruct.Pull = GPIO_NOPULL;
 146              		.loc 1 69 3 is_stmt 1 view .LVU38
 147              		.loc 1 69 24 is_stmt 0 view .LVU39
 148 008a 0694     		str	r4, [sp, #24]
  70:Core/Src/gpio.c ****   HAL_GPIO_Init(JOY_BUTTON_GPIO_Port, &GPIO_InitStruct);
 149              		.loc 1 70 3 is_stmt 1 view .LVU40
 150 008c 04A9     		add	r1, sp, #16
 151 008e 2846     		mov	r0, r5
 152 0090 FFF7FEFF 		bl	HAL_GPIO_Init
 153              	.LVL3:
  71:Core/Src/gpio.c **** 
  72:Core/Src/gpio.c ****   /*Configure GPIO pin : PtPin */
  73:Core/Src/gpio.c ****   GPIO_InitStruct.Pin = SPI1_CS_Pin;
 154              		.loc 1 73 3 view .LVU41
 155              		.loc 1 73 23 is_stmt 0 view .LVU42
 156 0094 1023     		movs	r3, #16
ARM GAS  /run/user/1000/ccTedaTu.s 			page 5


 157 0096 0493     		str	r3, [sp, #16]
  74:Core/Src/gpio.c ****   GPIO_InitStruct.Mode = GPIO_MODE_OUTPUT_PP;
 158              		.loc 1 74 3 is_stmt 1 view .LVU43
 159              		.loc 1 74 24 is_stmt 0 view .LVU44
 160 0098 4FF00109 		mov	r9, #1
 161 009c CDF81490 		str	r9, [sp, #20]
  75:Core/Src/gpio.c ****   GPIO_InitStruct.Pull = GPIO_NOPULL;
 162              		.loc 1 75 3 is_stmt 1 view .LVU45
 163              		.loc 1 75 24 is_stmt 0 view .LVU46
 164 00a0 0694     		str	r4, [sp, #24]
  76:Core/Src/gpio.c ****   GPIO_InitStruct.Speed = GPIO_SPEED_FREQ_LOW;
 165              		.loc 1 76 3 is_stmt 1 view .LVU47
 166              		.loc 1 76 25 is_stmt 0 view .LVU48
 167 00a2 4FF00208 		mov	r8, #2
 168 00a6 CDF81C80 		str	r8, [sp, #28]
  77:Core/Src/gpio.c ****   HAL_GPIO_Init(SPI1_CS_GPIO_Port, &GPIO_InitStruct);
 169              		.loc 1 77 3 is_stmt 1 view .LVU49
 170 00aa 0DEB0301 		add	r1, sp, r3
 171 00ae 2846     		mov	r0, r5
 172 00b0 FFF7FEFF 		bl	HAL_GPIO_Init
 173              	.LVL4:
  78:Core/Src/gpio.c **** 
  79:Core/Src/gpio.c ****   /*Configure GPIO pin : PtPin */
  80:Core/Src/gpio.c ****   GPIO_InitStruct.Pin = NRF_IRQ_Pin;
 174              		.loc 1 80 3 view .LVU50
 175              		.loc 1 80 23 is_stmt 0 view .LVU51
 176 00b4 CDF81090 		str	r9, [sp, #16]
  81:Core/Src/gpio.c ****   GPIO_InitStruct.Mode = GPIO_MODE_IT_RISING;
 177              		.loc 1 81 3 is_stmt 1 view .LVU52
 178              		.loc 1 81 24 is_stmt 0 view .LVU53
 179 00b8 1A4B     		ldr	r3, .L3+16
 180 00ba 0593     		str	r3, [sp, #20]
  82:Core/Src/gpio.c ****   GPIO_InitStruct.Pull = GPIO_NOPULL;
 181              		.loc 1 82 3 is_stmt 1 view .LVU54
 182              		.loc 1 82 24 is_stmt 0 view .LVU55
 183 00bc 0694     		str	r4, [sp, #24]
  83:Core/Src/gpio.c ****   HAL_GPIO_Init(NRF_IRQ_GPIO_Port, &GPIO_InitStruct);
 184              		.loc 1 83 3 is_stmt 1 view .LVU56
 185 00be 04A9     		add	r1, sp, #16
 186 00c0 3046     		mov	r0, r6
 187 00c2 FFF7FEFF 		bl	HAL_GPIO_Init
 188              	.LVL5:
  84:Core/Src/gpio.c **** 
  85:Core/Src/gpio.c ****   /*Configure GPIO pin : PtPin */
  86:Core/Src/gpio.c ****   GPIO_InitStruct.Pin = NRF_CE_Pin;
 189              		.loc 1 86 3 view .LVU57
 190              		.loc 1 86 23 is_stmt 0 view .LVU58
 191 00c6 CDF81080 		str	r8, [sp, #16]
  87:Core/Src/gpio.c ****   GPIO_InitStruct.Mode = GPIO_MODE_OUTPUT_PP;
 192              		.loc 1 87 3 is_stmt 1 view .LVU59
 193              		.loc 1 87 24 is_stmt 0 view .LVU60
 194 00ca CDF81490 		str	r9, [sp, #20]
  88:Core/Src/gpio.c ****   GPIO_InitStruct.Pull = GPIO_NOPULL;
 195              		.loc 1 88 3 is_stmt 1 view .LVU61
 196              		.loc 1 88 24 is_stmt 0 view .LVU62
 197 00ce 0694     		str	r4, [sp, #24]
  89:Core/Src/gpio.c ****   GPIO_InitStruct.Speed = GPIO_SPEED_FREQ_LOW;
ARM GAS  /run/user/1000/ccTedaTu.s 			page 6


 198              		.loc 1 89 3 is_stmt 1 view .LVU63
 199              		.loc 1 89 25 is_stmt 0 view .LVU64
 200 00d0 CDF81C80 		str	r8, [sp, #28]
  90:Core/Src/gpio.c ****   HAL_GPIO_Init(NRF_CE_GPIO_Port, &GPIO_InitStruct);
 201              		.loc 1 90 3 is_stmt 1 view .LVU65
 202 00d4 04A9     		add	r1, sp, #16
 203 00d6 3046     		mov	r0, r6
 204 00d8 FFF7FEFF 		bl	HAL_GPIO_Init
 205              	.LVL6:
  91:Core/Src/gpio.c **** 
  92:Core/Src/gpio.c ****   /*Configure GPIO pins : PB2 PB10 PB11 PB12
  93:Core/Src/gpio.c ****                            PB13 PB14 PB15 PB3
  94:Core/Src/gpio.c ****                            PB4 PB5 PB6 PB7
  95:Core/Src/gpio.c ****                            PB8 PB9 */
  96:Core/Src/gpio.c ****   GPIO_InitStruct.Pin = GPIO_PIN_2|GPIO_PIN_10|GPIO_PIN_11|GPIO_PIN_12
 206              		.loc 1 96 3 view .LVU66
 207              		.loc 1 96 23 is_stmt 0 view .LVU67
 208 00dc 4FF6FC73 		movw	r3, #65532
 209 00e0 0493     		str	r3, [sp, #16]
  97:Core/Src/gpio.c ****                           |GPIO_PIN_13|GPIO_PIN_14|GPIO_PIN_15|GPIO_PIN_3
  98:Core/Src/gpio.c ****                           |GPIO_PIN_4|GPIO_PIN_5|GPIO_PIN_6|GPIO_PIN_7
  99:Core/Src/gpio.c ****                           |GPIO_PIN_8|GPIO_PIN_9;
 100:Core/Src/gpio.c ****   GPIO_InitStruct.Mode = GPIO_MODE_ANALOG;
 210              		.loc 1 100 3 is_stmt 1 view .LVU68
 211              		.loc 1 100 24 is_stmt 0 view .LVU69
 212 00e2 0597     		str	r7, [sp, #20]
 101:Core/Src/gpio.c ****   HAL_GPIO_Init(GPIOB, &GPIO_InitStruct);
 213              		.loc 1 101 3 is_stmt 1 view .LVU70
 214 00e4 04A9     		add	r1, sp, #16
 215 00e6 3046     		mov	r0, r6
 216 00e8 FFF7FEFF 		bl	HAL_GPIO_Init
 217              	.LVL7:
 102:Core/Src/gpio.c **** 
 103:Core/Src/gpio.c ****   /*Configure GPIO pins : PA8 PA9 PA10 PA15 */
 104:Core/Src/gpio.c ****   GPIO_InitStruct.Pin = GPIO_PIN_8|GPIO_PIN_9|GPIO_PIN_10|GPIO_PIN_15;
 218              		.loc 1 104 3 view .LVU71
 219              		.loc 1 104 23 is_stmt 0 view .LVU72
 220 00ec 4FF40743 		mov	r3, #34560
 221 00f0 0493     		str	r3, [sp, #16]
 105:Core/Src/gpio.c ****   GPIO_InitStruct.Mode = GPIO_MODE_ANALOG;
 222              		.loc 1 105 3 is_stmt 1 view .LVU73
 223              		.loc 1 105 24 is_stmt 0 view .LVU74
 224 00f2 0597     		str	r7, [sp, #20]
 106:Core/Src/gpio.c ****   HAL_GPIO_Init(GPIOA, &GPIO_InitStruct);
 225              		.loc 1 106 3 is_stmt 1 view .LVU75
 226 00f4 04A9     		add	r1, sp, #16
 227 00f6 2846     		mov	r0, r5
 228 00f8 FFF7FEFF 		bl	HAL_GPIO_Init
 229              	.LVL8:
 107:Core/Src/gpio.c **** 
 108:Core/Src/gpio.c ****   /* EXTI interrupt init*/
 109:Core/Src/gpio.c ****   HAL_NVIC_SetPriority(EXTI0_IRQn, 0, 0);
 230              		.loc 1 109 3 view .LVU76
 231 00fc 2246     		mov	r2, r4
 232 00fe 2146     		mov	r1, r4
 233 0100 0620     		movs	r0, #6
 234 0102 FFF7FEFF 		bl	HAL_NVIC_SetPriority
ARM GAS  /run/user/1000/ccTedaTu.s 			page 7


 235              	.LVL9:
 110:Core/Src/gpio.c ****   HAL_NVIC_EnableIRQ(EXTI0_IRQn);
 236              		.loc 1 110 3 view .LVU77
 237 0106 0620     		movs	r0, #6
 238 0108 FFF7FEFF 		bl	HAL_NVIC_EnableIRQ
 239              	.LVL10:
 111:Core/Src/gpio.c **** 
 112:Core/Src/gpio.c **** }
 240              		.loc 1 112 1 is_stmt 0 view .LVU78
 241 010c 09B0     		add	sp, sp, #36
 242              	.LCFI2:
 243              		.cfi_def_cfa_offset 28
 244              		@ sp needed
 245 010e BDE8F083 		pop	{r4, r5, r6, r7, r8, r9, pc}
 246              	.L4:
 247 0112 00BF     		.align	2
 248              	.L3:
 249 0114 00100240 		.word	1073876992
 250 0118 00080140 		.word	1073809408
 251 011c 000C0140 		.word	1073810432
 252 0120 00100140 		.word	1073811456
 253 0124 00001110 		.word	269549568
 254              		.cfi_endproc
 255              	.LFE65:
 257              		.text
 258              	.Letext0:
 259              		.file 2 "Drivers/CMSIS/Device/ST/STM32F1xx/Include/stm32f103xb.h"
 260              		.file 3 "/nix/store/g29lld3lmg7r15jj0vsvlvyxcrw1fpmx-gcc-arm-embedded-12.2.rel1/arm-none-eabi/incl
 261              		.file 4 "/nix/store/g29lld3lmg7r15jj0vsvlvyxcrw1fpmx-gcc-arm-embedded-12.2.rel1/arm-none-eabi/incl
 262              		.file 5 "Drivers/STM32F1xx_HAL_Driver/Inc/stm32f1xx_hal_gpio.h"
 263              		.file 6 "Drivers/STM32F1xx_HAL_Driver/Inc/stm32f1xx_hal_cortex.h"
ARM GAS  /run/user/1000/ccTedaTu.s 			page 8


DEFINED SYMBOLS
                            *ABS*:0000000000000000 gpio.c
/run/user/1000/ccTedaTu.s:19     .text.MX_GPIO_Init:0000000000000000 $t
/run/user/1000/ccTedaTu.s:25     .text.MX_GPIO_Init:0000000000000000 MX_GPIO_Init
/run/user/1000/ccTedaTu.s:249    .text.MX_GPIO_Init:0000000000000114 $d

UNDEFINED SYMBOLS
HAL_GPIO_WritePin
HAL_GPIO_Init
HAL_NVIC_SetPriority
HAL_NVIC_EnableIRQ
